<?xml version="1.0" encoding="UTF-8"?>
<coverage generated="1744905166235" clover="3.2.0">
  <project timestamp="1744905166235" name="All files">
    <metrics statements="19" coveredstatements="7" conditionals="10" coveredconditionals="0" methods="4" coveredmethods="3" elements="33" coveredelements="10" complexity="0" loc="19" ncloc="19" packages="1" files="1" classes="1"/>
    <file name="api.js" path="C:\Users\nagen\OneDrive\Desktop\meet\src\api.js">
      <metrics statements="19" coveredstatements="7" conditionals="10" coveredconditionals="0" methods="4" coveredmethods="3"/>
      <line num="12" count="4" type="stmt"/>
      <line num="13" count="350" type="stmt"/>
      <line num="14" count="10" type="stmt"/>
      <line num="15" count="10" type="stmt"/>
      <line num="23" count="4" type="stmt"/>
      <line num="24" count="12" type="stmt"/>
      <line num="26" count="4" type="stmt"/>
      <line num="27" count="0" type="cond" truecount="0" falsecount="2"/>
      <line num="28" count="0" type="cond" truecount="0" falsecount="4"/>
      <line num="29" count="0" type="stmt"/>
      <line num="30" count="0" type="stmt"/>
      <line num="31" count="0" type="stmt"/>
      <line num="32" count="0" type="cond" truecount="0" falsecount="2"/>
      <line num="33" count="0" type="stmt"/>
      <line num="36" count="0" type="stmt"/>
      <line num="37" count="0" type="stmt"/>
      <line num="38" count="0" type="stmt"/>
      <line num="40" count="0" type="cond" truecount="0" falsecount="2"/>
      <line num="42" count="0" type="stmt"/>
    </file>
  </project>
</coverage>
