{"C:\\Users\\nagen\\OneDrive\\Desktop\\meet\\src\\api.js": {"path":"C:\\Users\\nagen\\OneDrive\\Desktop\\meet\\src\\api.js","statementMap":{"0":{"start":{"line":12,"column":32},"end":{"line":16,"column":1}},"1":{"start":{"line":13,"column":29},"end":{"line":13,"column":66}},"2":{"start":{"line":13,"column":51},"end":{"line":13,"column":65}},"3":{"start":{"line":14,"column":20},"end":{"line":14,"column":52}},"4":{"start":{"line":15,"column":2},"end":{"line":15,"column":19}},"5":{"start":{"line":23,"column":25},"end":{"line":25,"column":1}},"6":{"start":{"line":24,"column":2},"end":{"line":24,"column":18}},"7":{"start":{"line":26,"column":30},"end":{"line":44,"column":1}},"8":{"start":{"line":27,"column":21},"end":{"line":27,"column":67}},"9":{"start":{"line":28,"column":1},"end":{"line":41,"column":2}},"10":{"start":{"line":29,"column":3},"end":{"line":29,"column":49}},"11":{"start":{"line":30,"column":24},"end":{"line":30,"column":67}},"12":{"start":{"line":31,"column":16},"end":{"line":31,"column":46}},"13":{"start":{"line":32,"column":3},"end":{"line":39,"column":4}},"14":{"start":{"line":33,"column":22},"end":{"line":35,"column":6}},"15":{"start":{"line":36,"column":20},"end":{"line":36,"column":41}},"16":{"start":{"line":37,"column":25},"end":{"line":37,"column":31}},"17":{"start":{"line":38,"column":5},"end":{"line":38,"column":45}},"18":{"start":{"line":40,"column":3},"end":{"line":40,"column":33}},"19":{"start":{"line":42,"column":1},"end":{"line":42,"column":20}}},"fnMap":{"0":{"name":"(anonymous_0)","decl":{"start":{"line":12,"column":32},"end":{"line":12,"column":33}},"loc":{"start":{"line":12,"column":44},"end":{"line":16,"column":1}},"line":12},"1":{"name":"(anonymous_1)","decl":{"start":{"line":13,"column":40},"end":{"line":13,"column":41}},"loc":{"start":{"line":13,"column":51},"end":{"line":13,"column":65}},"line":13},"2":{"name":"(anonymous_2)","decl":{"start":{"line":23,"column":25},"end":{"line":23,"column":26}},"loc":{"start":{"line":23,"column":37},"end":{"line":25,"column":1}},"line":23},"3":{"name":"(anonymous_3)","decl":{"start":{"line":26,"column":30},"end":{"line":26,"column":31}},"loc":{"start":{"line":26,"column":42},"end":{"line":44,"column":1}},"line":26}},"branchMap":{"0":{"loc":{"start":{"line":27,"column":21},"end":{"line":27,"column":67}},"type":"binary-expr","locations":[{"start":{"line":27,"column":21},"end":{"line":27,"column":32}},{"start":{"line":27,"column":37},"end":{"line":27,"column":66}}],"line":27},"1":{"loc":{"start":{"line":28,"column":1},"end":{"line":41,"column":2}},"type":"if","locations":[{"start":{"line":28,"column":1},"end":{"line":41,"column":2}},{"start":{},"end":{}}],"line":28},"2":{"loc":{"start":{"line":28,"column":5},"end":{"line":28,"column":37}},"type":"binary-expr","locations":[{"start":{"line":28,"column":5},"end":{"line":28,"column":17}},{"start":{"line":28,"column":21},"end":{"line":28,"column":37}}],"line":28},"3":{"loc":{"start":{"line":32,"column":3},"end":{"line":39,"column":4}},"type":"if","locations":[{"start":{"line":32,"column":3},"end":{"line":39,"column":4}},{"start":{},"end":{}}],"line":32},"4":{"loc":{"start":{"line":40,"column":10},"end":{"line":40,"column":32}},"type":"binary-expr","locations":[{"start":{"line":40,"column":10},"end":{"line":40,"column":14}},{"start":{"line":40,"column":18},"end":{"line":40,"column":32}}],"line":40}},"s":{"0":4,"1":10,"2":350,"3":10,"4":10,"5":4,"6":12,"7":4,"8":0,"9":0,"10":0,"11":0,"12":0,"13":0,"14":0,"15":0,"16":0,"17":0,"18":0,"19":0},"f":{"0":10,"1":350,"2":12,"3":0},"b":{"0":[0,0],"1":[0,0],"2":[0,0],"3":[0,0],"4":[0,0]},"_coverageSchema":"1a1c01bbd47fc00a2c39e90264f33305004495a9","hash":"1619dacf51082e45fa3c872f6850baff196b34eb"}
}
